<?xml version="1.0" encoding="UTF-8"?>
<!-- Generated by org.testng.reporters.JUnitReportReporter -->
<testsuite hostname="DESKTOP-9SKPSJP" name="Practice.Automation.Verify_Promise_is_added" tests="1" failures="0" timestamp="7 Sep 2020 15:25:46 GMT" time="72.744" errors="0">
  <testcase name="simpleTestClass" time="72.744" classname="Practice.Automation.Verify_Promise_is_added"/>
</testsuite> <!-- Practice.Automation.Verify_Promise_is_added -->
