<?xml version="1.0" encoding="UTF-8"?>
<!-- Generated by org.testng.reporters.JUnitReportReporter -->
<testsuite hostname="DESKTOP-9SKPSJP" name="Practice.Automation.Logout" tests="1" failures="0" timestamp="7 Sep 2020 15:25:46 GMT" time="66.004" errors="0">
  <testcase name="simpleTestClass" time="66.004" classname="Practice.Automation.Logout"/>
</testsuite> <!-- Practice.Automation.Logout -->
