<?xml version="1.0" encoding="UTF-8"?>
<!-- Generated by org.testng.reporters.JUnitReportReporter -->
<testsuite hostname="DESKTOP-9SKPSJP" name="Practice.Automation.Validation_Blank_Fields" tests="1" failures="0" timestamp="7 Sep 2020 15:25:46 GMT" time="65.968" errors="0">
  <testcase name="simpleTestClass" time="65.968" classname="Practice.Automation.Validation_Blank_Fields"/>
</testsuite> <!-- Practice.Automation.Validation_Blank_Fields -->
