<?xml version="1.0" encoding="UTF-8"?>
<!-- Generated by org.testng.reporters.JUnitReportReporter -->
<testsuite hostname="DESKTOP-9SKPSJP" name="Practice.Automation.AppTest" tests="1" failures="0" timestamp="4 Sep 2020 14:10:54 GMT" time="36.181" errors="0">
  <testcase name="simpleTestClass" time="36.181" classname="Practice.Automation.AppTest"/>
</testsuite> <!-- Practice.Automation.AppTest -->
